<?xml version="1.0" encoding="UTF-8"?>
<!-- Generated by org.testng.reporters.JUnitReportReporter -->
<testsuite hostname="DESKTOP-DT85C65" failures="0" tests="2" name="testng.Mytestclass" time="49.427" errors="0" timestamp="2022-06-22T17:54:52 IST" skipped="0">
  <testcase classname="testng.Mytestclass" name="Mymethod" time="31.457"/>
  <system-out>
    <![CDATA[hii method is ruuning this is reporter output
hii method is ruuning this is reporter output true]]>
  </system-out>
  <testcase classname="testng.Mytestclass" name="Mymethod1" time="17.970"/>
  <system-out/>
</testsuite> <!-- testng.Mytestclass -->
