<?xml version="1.0" encoding="UTF-8"?>
<!-- Generated by org.testng.reporters.JUnitReportReporter -->
<testsuite hostname="DESKTOP-DT85C65" failures="0" tests="1" name="TestNG_TestSuit.Parallel_Serial_Class1" time="38.510" errors="0" timestamp="2022-06-25T17:28:45 IST" skipped="0">
  <testcase classname="TestNG_TestSuit.Parallel_Serial_Class1" name="VCTPUNE" time="38.510"/>
  <system-out>
    <![CDATA[Launch VCTPUNE]]>
  </system-out>
</testsuite> <!-- TestNG_TestSuit.Parallel_Serial_Class1 -->
