<?xml version="1.0" encoding="UTF-8"?>
<!-- Generated by org.testng.reporters.JUnitReportReporter -->
<testsuite hostname="DESKTOP-DT85C65" failures="0" tests="2" name="TestNG_TestSuit.Grouping_class2" time="0.025" errors="0" timestamp="2022-06-25T16:42:16 IST" skipped="0">
  <testcase classname="TestNG_TestSuit.Grouping_class2" name="TC8" time="0.006"/>
  <system-out>
    <![CDATA[running TC...8]]>
  </system-out>
  <testcase classname="TestNG_TestSuit.Grouping_class2" name="TC7" time="0.019"/>
  <system-out>
    <![CDATA[running TC...7]]>
  </system-out>
</testsuite> <!-- TestNG_TestSuit.Grouping_class2 -->
