<?xml version="1.0" encoding="UTF-8"?>
<!-- Generated by org.testng.reporters.JUnitReportReporter -->
<testsuite hostname="DESKTOP-DT85C65" failures="0" tests="1" name="Property_file_use.Validate_kite_UserId" time="4.361" errors="0" timestamp="2022-07-03T19:30:34 IST" skipped="0">
  <testcase classname="Property_file_use.Validate_kite_UserId" name="validateUsername" time="4.361"/>
  <system-out>
    <![CDATA[actual & expected maching Tc is passed]]>
  </system-out>
</testsuite> <!-- Property_file_use.Validate_kite_UserId -->
