<?xml version="1.0" encoding="UTF-8"?>
<!-- Generated by org.testng.reporters.JUnitReportReporter -->
<testsuite hostname="DESKTOP-DT85C65" failures="0" tests="1" name="TestNG_CrossBrowser_testing.firefox_test" time="79.211" errors="0" timestamp="2022-06-30T14:50:11 IST" skipped="0">
  <testcase classname="TestNG_CrossBrowser_testing.firefox_test" name="f" time="79.211"/>
  <system-out/>
</testsuite> <!-- TestNG_CrossBrowser_testing.firefox_test -->
