<?xml version="1.0" encoding="UTF-8"?>
<!-- Generated by org.testng.reporters.JUnitReportReporter -->
<testsuite hostname="DESKTOP-DT85C65" failures="0" tests="3" name="TestNG_Keyword.InvocationCountUse" time="0.052" errors="0" timestamp="2022-06-23T16:53:37 IST" skipped="0">
  <testcase classname="TestNG_Keyword.InvocationCountUse" name="myTest" time="0.027"/>
  <system-out>
    <![CDATA[hii]]>
  </system-out>
  <testcase classname="TestNG_Keyword.InvocationCountUse" name="myTest" time="0.007"/>
  <system-out>
    <![CDATA[hii]]>
  </system-out>
  <testcase classname="TestNG_Keyword.InvocationCountUse" name="myTest" time="0.018"/>
  <system-out>
    <![CDATA[hii]]>
  </system-out>
</testsuite> <!-- TestNG_Keyword.InvocationCountUse -->
