<?xml version="1.0" encoding="UTF-8"?>
<!-- Generated by org.testng.reporters.JUnitReportReporter -->
<testsuite hostname="DESKTOP-DT85C65" failures="0" tests="4" name="TestNG_Keyword.EnableUse" time="0.036" errors="0" timestamp="2022-06-23T16:56:31 IST" skipped="1">
  <testcase classname="TestNG_Keyword.EnableUse" name="z" time="0.004"/>
  <system-out>
    <![CDATA[z is running ]]>
  </system-out>
  <testcase classname="TestNG_Keyword.EnableUse" name="a" time="0.028"/>
  <system-out>
    <![CDATA[a is running ]]>
  </system-out>
  <testcase classname="TestNG_Keyword.EnableUse" name="f" time="0.004"/>
  <system-out>
    <![CDATA[d is running ]]>
  </system-out>
  <testcase classname="TestNG_Keyword.EnableUse" name="d">
    <skipped/>
  </testcase> <!-- d -->
  <system-out/>
</testsuite> <!-- TestNG_Keyword.EnableUse -->
