<?xml version="1.0" encoding="UTF-8"?>
<!-- Generated by org.testng.reporters.JUnitReportReporter -->
<testsuite hostname="DESKTOP-DT85C65" failures="0" tests="1" name="TestNG_TestSuit.Parallel_Serial_Class2" time="29.886" errors="0" timestamp="2022-06-25T17:28:45 IST" skipped="0">
  <testcase classname="TestNG_TestSuit.Parallel_Serial_Class2" name="Kite" time="29.886"/>
  <system-out>
    <![CDATA[launch kite ]]>
  </system-out>
</testsuite> <!-- TestNG_TestSuit.Parallel_Serial_Class2 -->
