<?xml version="1.0" encoding="UTF-8"?>
<!-- Generated by org.testng.reporters.JUnitReportReporter -->
<testsuite hostname="DESKTOP-DT85C65" failures="0" tests="1" name="POM_DDF_TestNG_BaseClass_UtilityClass_Screenshot.Validate_kite_UserId" time="15.230" errors="0" timestamp="2022-07-03T17:26:33 IST" skipped="0">
  <testcase classname="POM_DDF_TestNG_BaseClass_UtilityClass_Screenshot.Validate_kite_UserId" name="validateUsername" time="15.230"/>
  <system-out>
    <![CDATA[actual & expected maching Tc is passed]]>
  </system-out>
</testsuite> <!-- POM_DDF_TestNG_BaseClass_UtilityClass_Screenshot.Validate_kite_UserId -->
