<?xml version="1.0" encoding="UTF-8"?>
<!-- Generated by org.testng.reporters.JUnitReportReporter -->
<testsuite hostname="DESKTOP-DT85C65" failures="0" tests="2" name="TestNG_CrossBrowser_testing.CrossBrowser_testing" time="88.041" errors="0" timestamp="2022-06-30T15:41:14 IST" skipped="0">
  <testcase classname="TestNG_CrossBrowser_testing.CrossBrowser_testing" name="MyMethod" time="37.592"/>
  <system-out/>
  <testcase classname="TestNG_CrossBrowser_testing.CrossBrowser_testing" name="MyMethod" time="50.449"/>
  <system-out/>
</testsuite> <!-- TestNG_CrossBrowser_testing.CrossBrowser_testing -->
