<?xml version="1.0" encoding="UTF-8"?>
<!-- Generated by org.testng.reporters.JUnitReportReporter -->
<testsuite hostname="DESKTOP-DT85C65" failures="0" tests="1" name="TestNG_Assert_Varification.Multiple_varification" time="0.025" errors="0" timestamp="2022-06-28T13:44:06 IST" skipped="0">
  <testcase classname="TestNG_Assert_Varification.Multiple_varification" name="MyMethod" time="0.025"/>
  <system-out>
    <![CDATA[A & B value is Not matching TC is Paseed
Tc is passed value is not null]]>
  </system-out>
</testsuite> <!-- TestNG_Assert_Varification.Multiple_varification -->
