<?xml version="1.0" encoding="UTF-8"?>
<!-- Generated by org.testng.reporters.JUnitReportReporter -->
<testsuite hostname="DESKTOP-DT85C65" failures="0" tests="2" name="TestNG.AnnotationStudy" time="0.036" errors="0" timestamp="2022-06-23T16:47:39 IST" skipped="0">
  <testcase classname="TestNG.AnnotationStudy" name="vadlidateDashbord" time="0.025"/>
  <system-out>
    <![CDATA[dashbord Validate]]>
  </system-out>
  <testcase classname="TestNG.AnnotationStudy" name="validateUserId" time="0.011"/>
  <system-out>
    <![CDATA[User Id Validate]]>
  </system-out>
</testsuite> <!-- TestNG.AnnotationStudy -->
