<?xml version="1.0" encoding="UTF-8"?>
<!-- Generated by org.testng.reporters.JUnitReportReporter -->
<testsuite hostname="DESKTOP-DT85C65" failures="0" tests="1" name="ChromeOption_use.Chrome_Option" time="3.860" errors="0" timestamp="2022-06-30T19:27:20 IST" skipped="0">
  <testcase classname="ChromeOption_use.Chrome_Option" name="ValidateUsername" time="3.860"/>
  <system-out>
    <![CDATA[actual & expected are macthing Tc is passed]]>
  </system-out>
</testsuite> <!-- ChromeOption_use.Chrome_Option -->
