<?xml version="1.0" encoding="UTF-8"?>
<!-- Generated by org.testng.reporters.JUnitReportReporter -->
<testsuite hostname="DESKTOP-DT85C65" failures="0" tests="1" name="Kite_POM_TestNG.Validate_username_TNG" time="4.383" errors="0" timestamp="2022-06-30T18:58:05 IST" skipped="0">
  <testcase classname="Kite_POM_TestNG.Validate_username_TNG" name="ValidateUsername" time="4.383"/>
  <system-out>
    <![CDATA[actual & expected are macthing Tc is passed]]>
  </system-out>
</testsuite> <!-- Kite_POM_TestNG.Validate_username_TNG -->
