<?xml version="1.0" encoding="UTF-8"?>
<!-- Generated by org.testng.reporters.JUnitReportReporter -->
<testsuite hostname="DESKTOP-DT85C65" failures="0" tests="1" name="TestNG_Assert_Varification.AssertNotNull_use" time="0.024" errors="0" timestamp="2022-06-28T13:36:35 IST" skipped="0">
  <testcase classname="TestNG_Assert_Varification.AssertNotNull_use" name="MyMethod" time="0.024"/>
  <system-out>
    <![CDATA[value is not null tc is Passed]]>
  </system-out>
</testsuite> <!-- TestNG_Assert_Varification.AssertNotNull_use -->
