<?xml version="1.0" encoding="UTF-8"?>
<!-- Generated by org.testng.reporters.JUnitReportReporter -->
<testsuite hostname="DESKTOP-DT85C65" failures="0" tests="1" name="TestNG.AnnotationStudyTest1" time="0.010" errors="0" timestamp="2022-06-23T16:47:39 IST" skipped="0">
  <testcase classname="TestNG.AnnotationStudyTest1" name="rechargePhone" time="0.010"/>
  <system-out>
    <![CDATA[recharge done]]>
  </system-out>
</testsuite> <!-- TestNG.AnnotationStudyTest1 -->
