<?xml version="1.0" encoding="UTF-8"?>
<!-- Generated by org.testng.reporters.JUnitReportReporter -->
<testsuite hostname="DESKTOP-DT85C65" failures="0" tests="1" name="Kite_Only_test.Validate_kite_UserId" time="18.961" errors="0" timestamp="2022-07-03T16:34:48 IST" skipped="0">
  <testcase classname="Kite_Only_test.Validate_kite_UserId" name="validateUsername" time="18.961"/>
  <system-out>
    <![CDATA[actual & expected maching Tc is passed]]>
  </system-out>
</testsuite> <!-- Kite_Only_test.Validate_kite_UserId -->
