<?xml version="1.0" encoding="UTF-8"?>
<!-- Generated by org.testng.reporters.JUnitReportReporter -->
<testsuite hostname="DESKTOP-DT85C65" failures="0" tests="4" name="TestNGKeyword.Timeout_Use" time="19.123" errors="0" timestamp="2022-06-23T12:17:04 IST" skipped="0">
  <testcase classname="TestNGKeyword.Timeout_Use" name="d" time="0.003"/>
  <system-out>
    <![CDATA[d is running ]]>
  </system-out>
  <testcase classname="TestNGKeyword.Timeout_Use" name="a" time="0.009"/>
  <system-out>
    <![CDATA[a is running ]]>
  </system-out>
  <testcase classname="TestNGKeyword.Timeout_Use" name="z" time="0.002"/>
  <system-out>
    <![CDATA[z is running ]]>
  </system-out>
  <testcase classname="TestNGKeyword.Timeout_Use" name="VCTPUNE" time="19.109"/>
  <system-out/>
</testsuite> <!-- TestNGKeyword.Timeout_Use -->
