<?xml version="1.0" encoding="UTF-8"?>
<!-- Generated by org.testng.reporters.JUnitReportReporter -->
<testsuite hostname="DESKTOP-DT85C65" failures="0" tests="2" name="TestNG_Failed_XML.Class1" time="0.016" errors="0" timestamp="2022-06-25T18:17:57 IST" skipped="0">
  <testcase classname="TestNG_Failed_XML.Class1" name="TC3" time="0.004"/>
  <system-out>
    <![CDATA[running TC...3]]>
  </system-out>
  <testcase classname="TestNG_Failed_XML.Class1" name="TC1" time="0.012"/>
  <system-out>
    <![CDATA[running TC...1]]>
  </system-out>
</testsuite> <!-- TestNG_Failed_XML.Class1 -->
