<?xml version="1.0" encoding="UTF-8"?>
<!-- Generated by org.testng.reporters.JUnitReportReporter -->
<testsuite hostname="DESKTOP-DT85C65" failures="0" tests="3" name="TestNGKeyword.InvocationCountUse" time="0.027" errors="0" timestamp="2022-06-22T15:35:11 IST" skipped="0">
  <testcase classname="TestNGKeyword.InvocationCountUse" name="myTest" time="0.017"/>
  <system-out>
    <![CDATA[hii]]>
  </system-out>
  <testcase classname="TestNGKeyword.InvocationCountUse" name="myTest" time="0.004"/>
  <system-out>
    <![CDATA[hii]]>
  </system-out>
  <testcase classname="TestNGKeyword.InvocationCountUse" name="myTest" time="0.006"/>
  <system-out>
    <![CDATA[hii]]>
  </system-out>
</testsuite> <!-- TestNGKeyword.InvocationCountUse -->
