<?xml version="1.0" encoding="UTF-8"?>
<!-- Generated by org.testng.reporters.JUnitReportReporter -->
<testsuite hostname="DESKTOP-DT85C65" failures="0" tests="2" name="TestNG_TestSuit.TestSuit_class1_exclude" time="0.007" errors="0" timestamp="2022-06-23T17:09:41 IST" skipped="0">
  <testcase classname="TestNG_TestSuit.TestSuit_class1_exclude" name="TC4" time="0.004"/>
  <system-out>
    <![CDATA[running TC...4]]>
  </system-out>
  <testcase classname="TestNG_TestSuit.TestSuit_class1_exclude" name="TC3" time="0.003"/>
  <system-out>
    <![CDATA[running TC...3]]>
  </system-out>
</testsuite> <!-- TestNG_TestSuit.TestSuit_class1_exclude -->
