<?xml version="1.0" encoding="UTF-8"?>
<!-- Generated by org.testng.reporters.JUnitReportReporter -->
<testsuite hostname="DESKTOP-DT85C65" failures="0" tests="1" name="TestNG_Assert_Varification.AssertEquals" time="0.022" errors="0" timestamp="2022-06-28T12:17:21 IST" skipped="0">
  <testcase classname="TestNG_Assert_Varification.AssertEquals" name="MyMethod" time="0.022"/>
  <system-out>
    <![CDATA[A & B value is  matching TC is Paseed]]>
  </system-out>
</testsuite> <!-- TestNG_Assert_Varification.AssertEquals -->
