<?xml version="1.0" encoding="UTF-8"?>
<!-- Generated by org.testng.reporters.JUnitReportReporter -->
<testsuite hostname="DESKTOP-DT85C65" failures="0" tests="2" name="TestNG_TestSuit.TestSuit_class1_Include" time="0.018" errors="0" timestamp="2022-06-23T17:09:41 IST" skipped="0">
  <testcase classname="TestNG_TestSuit.TestSuit_class1_Include" name="TC2" time="0.003"/>
  <system-out>
    <![CDATA[running TC...2]]>
  </system-out>
  <testcase classname="TestNG_TestSuit.TestSuit_class1_Include" name="TC1" time="0.015"/>
  <system-out>
    <![CDATA[running TC...1]]>
  </system-out>
</testsuite> <!-- TestNG_TestSuit.TestSuit_class1_Include -->
