<?xml version="1.0" encoding="UTF-8"?>
<!-- Generated by org.testng.reporters.JUnitReportReporter -->
<testsuite hostname="DESKTOP-DT85C65" failures="0" tests="2" name="TestNG_Annotation.Annotation_study" time="0.015" errors="0" timestamp="2022-06-23T16:50:09 IST" skipped="0">
  <testcase classname="TestNG_Annotation.Annotation_study" name="validateUserId" time="0.006"/>
  <system-out>
    <![CDATA[User Id Validate]]>
  </system-out>
  <testcase classname="TestNG_Annotation.Annotation_study" name="vadlidateDashbord" time="0.009"/>
  <system-out>
    <![CDATA[dashbord Validate]]>
  </system-out>
</testsuite> <!-- TestNG_Annotation.Annotation_study -->
