<?xml version="1.0" encoding="UTF-8"?>
<!-- Generated by org.testng.reporters.JUnitReportReporter -->
<testsuite hostname="DESKTOP-DT85C65" failures="0" tests="1" name="CrossBrowser_testing.firefox_test" time="89.079" errors="0" timestamp="2022-06-29T22:05:00 IST" skipped="0">
  <testcase classname="CrossBrowser_testing.firefox_test" name="f" time="89.079"/>
  <system-out/>
</testsuite> <!-- CrossBrowser_testing.firefox_test -->
