<?xml version="1.0" encoding="UTF-8"?>
<!-- Generated by org.testng.reporters.JUnitReportReporter -->
<testsuite hostname="DESKTOP-DT85C65" failures="0" tests="3" name="TestNGKeyword.PriorityUse" time="0.025" errors="0" timestamp="2022-06-23T11:55:32 IST" skipped="0">
  <testcase classname="TestNGKeyword.PriorityUse" name="z" time="0.020"/>
  <system-out>
    <![CDATA[z is running ]]>
  </system-out>
  <testcase classname="TestNGKeyword.PriorityUse" name="a" time="0.003"/>
  <system-out>
    <![CDATA[a is running ]]>
  </system-out>
  <testcase classname="TestNGKeyword.PriorityUse" name="d" time="0.002"/>
  <system-out>
    <![CDATA[d is running ]]>
  </system-out>
</testsuite> <!-- TestNGKeyword.PriorityUse -->
