<?xml version="1.0" encoding="UTF-8"?>
<!-- Generated by org.testng.reporters.JUnitReportReporter -->
<testsuite hostname="DESKTOP-DT85C65" failures="0" tests="4" name="TestNG_Keyword.Timeout_Use" time="20.268" errors="0" timestamp="2022-06-23T16:59:10 IST" skipped="0">
  <testcase classname="TestNG_Keyword.Timeout_Use" name="d" time="0.008"/>
  <system-out>
    <![CDATA[d is running ]]>
  </system-out>
  <testcase classname="TestNG_Keyword.Timeout_Use" name="a" time="0.005"/>
  <system-out>
    <![CDATA[a is running ]]>
  </system-out>
  <testcase classname="TestNG_Keyword.Timeout_Use" name="z" time="0.002"/>
  <system-out>
    <![CDATA[z is running ]]>
  </system-out>
  <testcase classname="TestNG_Keyword.Timeout_Use" name="VCTPUNE" time="20.253"/>
  <system-out/>
</testsuite> <!-- TestNG_Keyword.Timeout_Use -->
