<?xml version="1.0" encoding="UTF-8"?>
<!-- Generated by org.testng.reporters.JUnitReportReporter -->
<testsuite hostname="DESKTOP-DT85C65" failures="0" tests="4" name="TestNGKeyword.EnableUse" time="0.037" errors="0" timestamp="2022-06-23T12:04:13 IST" skipped="1">
  <testcase classname="TestNGKeyword.EnableUse" name="z" time="0.007"/>
  <system-out>
    <![CDATA[z is running ]]>
  </system-out>
  <testcase classname="TestNGKeyword.EnableUse" name="a" time="0.022"/>
  <system-out>
    <![CDATA[a is running ]]>
  </system-out>
  <testcase classname="TestNGKeyword.EnableUse" name="f" time="0.008"/>
  <system-out>
    <![CDATA[d is running ]]>
  </system-out>
  <testcase classname="TestNGKeyword.EnableUse" name="d">
    <skipped/>
  </testcase> <!-- d -->
  <system-out/>
</testsuite> <!-- TestNGKeyword.EnableUse -->
