<?xml version="1.0" encoding="UTF-8"?>
<!-- Generated by org.testng.reporters.JUnitReportReporter -->
<testsuite hostname="DESKTOP-DT85C65" failures="0" tests="1" name="TestNG_Assert_Varification.AssertFalse_use" time="0.022" errors="0" timestamp="2022-06-28T13:04:41 IST" skipped="0">
  <testcase classname="TestNG_Assert_Varification.AssertFalse_use" name="MyMethod" time="0.022"/>
  <system-out>
    <![CDATA[TC is passed value is true]]>
  </system-out>
</testsuite> <!-- TestNG_Assert_Varification.AssertFalse_use -->
