<?xml version="1.0" encoding="UTF-8"?>
<!-- Generated by org.testng.reporters.JUnitReportReporter -->
<testsuite hostname="DESKTOP-DT85C65" failures="0" tests="1" name="TestNG_TestSuit.Grouping_Class1" time="0.002" errors="0" timestamp="2022-06-25T16:42:16 IST" skipped="0">
  <testcase classname="TestNG_TestSuit.Grouping_Class1" name="TC3" time="0.002"/>
  <system-out>
    <![CDATA[running TC...3]]>
  </system-out>
</testsuite> <!-- TestNG_TestSuit.Grouping_Class1 -->
